CRITICAL - 2025-06-30 11:18:28 --> ErrorException: Undefined property: App\Controllers\ExcelController::$TabelAnakModel
[Method: GET, Route: gudang/exceldataorder]
in APPPATH\Controllers\ExcelController.php on line 212.
 1 APPPATH\Controllers\ExcelController.php(212): CodeIgniter\Debug\Exceptions->errorHandler(2, 'Undefined property: App\\Controllers\\ExcelController::$TabelAnakModel', 'C:\\xampp\\htdocs\\warehouse_socks\\app\\Controllers\\ExcelController.php', 212)
 2 SYSTEMPATH\CodeIgniter.php(933): App\Controllers\ExcelController->excelDataOrder()
 3 SYSTEMPATH\CodeIgniter.php(509): CodeIgniter\CodeIgniter->runController(Object(App\Controllers\ExcelController))
 4 SYSTEMPATH\CodeIgniter.php(355): CodeIgniter\CodeIgniter->handleRequest(null, Object(Config\Cache), false)
 5 SYSTEMPATH\Boot.php(325): CodeIgniter\CodeIgniter->run()
 6 SYSTEMPATH\Boot.php(67): CodeIgniter\Boot::runCodeIgniter(Object(CodeIgniter\CodeIgniter))
 7 FCPATH\index.php(56): CodeIgniter\Boot::bootWeb(Object(Config\Paths))
 8 SYSTEMPATH\rewrite.php(44): require_once('C:\\xampp\\htdocs\\warehouse_socks\\public\\index.php')
ERROR - 2025-06-30 11:33:11 --> mysqli_sql_exception: Unknown column 'buyer' in 'field list' in C:\xampp\htdocs\warehouse_socks\vendor\codeigniter4\framework\system\Database\MySQLi\Connection.php:312
Stack trace:
#0 C:\xampp\htdocs\warehouse_socks\vendor\codeigniter4\framework\system\Database\MySQLi\Connection.php(312): mysqli->query('SELECT `id_indu...', 0)
#1 C:\xampp\htdocs\warehouse_socks\vendor\codeigniter4\framework\system\Database\BaseConnection.php(734): CodeIgniter\Database\MySQLi\Connection->execute('SELECT `id_indu...')
#2 C:\xampp\htdocs\warehouse_socks\vendor\codeigniter4\framework\system\Database\BaseConnection.php(648): CodeIgniter\Database\BaseConnection->simpleQuery('SELECT `id_indu...')
#3 C:\xampp\htdocs\warehouse_socks\vendor\codeigniter4\framework\system\Database\BaseBuilder.php(1644): CodeIgniter\Database\BaseConnection->query('SELECT `id_indu...', Array, false)
#4 C:\xampp\htdocs\warehouse_socks\vendor\codeigniter4\framework\system\Model.php(330): CodeIgniter\Database\BaseBuilder->get()
#5 C:\xampp\htdocs\warehouse_socks\vendor\codeigniter4\framework\system\BaseModel.php(714): CodeIgniter\Model->doFirst()
#6 C:\xampp\htdocs\warehouse_socks\app\Controllers\GudangController.php(665): CodeIgniter\BaseModel->first()
#7 C:\xampp\htdocs\warehouse_socks\vendor\codeigniter4\framework\system\CodeIgniter.php(933): App\Controllers\GudangController->importStock()
#8 C:\xampp\htdocs\warehouse_socks\vendor\codeigniter4\framework\system\CodeIgniter.php(509): CodeIgniter\CodeIgniter->runController(Object(App\Controllers\GudangController))
#9 C:\xampp\htdocs\warehouse_socks\vendor\codeigniter4\framework\system\CodeIgniter.php(355): CodeIgniter\CodeIgniter->handleRequest(NULL, Object(Config\Cache), false)
#10 C:\xampp\htdocs\warehouse_socks\vendor\codeigniter4\framework\system\Boot.php(325): CodeIgniter\CodeIgniter->run()
#11 C:\xampp\htdocs\warehouse_socks\vendor\codeigniter4\framework\system\Boot.php(67): CodeIgniter\Boot::runCodeIgniter(Object(CodeIgniter\CodeIgniter))
#12 C:\xampp\htdocs\warehouse_socks\public\index.php(56): CodeIgniter\Boot::bootWeb(Object(Config\Paths))
#13 C:\xampp\htdocs\warehouse_socks\vendor\codeigniter4\framework\system\rewrite.php(44): require_once('C:\\xampp\\htdocs...')
#14 {main}
CRITICAL - 2025-06-30 11:33:12 --> CodeIgniter\Database\Exceptions\DatabaseException: Unknown column 'buyer' in 'field list'
[Method: POST, Route: gudang/importstock]
in SYSTEMPATH\Database\BaseConnection.php on line 688.
 1 SYSTEMPATH\Database\BaseBuilder.php(1644): CodeIgniter\Database\BaseConnection->query('SELECT `id_induk`, `delivery`, `buyer`
FROM `tabel_induk`
WHERE `no_model` = :no_model:
 LIMIT 1', [...], false)
 2 SYSTEMPATH\Model.php(330): CodeIgniter\Database\BaseBuilder->get()
 3 SYSTEMPATH\BaseModel.php(714): CodeIgniter\Model->doFirst()
 4 APPPATH\Controllers\GudangController.php(665): CodeIgniter\BaseModel->first()
 5 SYSTEMPATH\CodeIgniter.php(933): App\Controllers\GudangController->importStock()
 6 SYSTEMPATH\CodeIgniter.php(509): CodeIgniter\CodeIgniter->runController(Object(App\Controllers\GudangController))
 7 SYSTEMPATH\CodeIgniter.php(355): CodeIgniter\CodeIgniter->handleRequest(null, Object(Config\Cache), false)
 8 SYSTEMPATH\Boot.php(325): CodeIgniter\CodeIgniter->run()
 9 SYSTEMPATH\Boot.php(67): CodeIgniter\Boot::runCodeIgniter(Object(CodeIgniter\CodeIgniter))
10 FCPATH\index.php(56): CodeIgniter\Boot::bootWeb(Object(Config\Paths))
11 SYSTEMPATH\rewrite.php(44): require_once('C:\\xampp\\htdocs\\warehouse_socks\\public\\index.php')
CRITICAL - 2025-06-30 11:33:12 --> [Caused by] CodeIgniter\Database\Exceptions\DatabaseException: Unknown column 'buyer' in 'field list'
in SYSTEMPATH\Database\MySQLi\Connection.php on line 317.
 1 SYSTEMPATH\Database\BaseConnection.php(734): CodeIgniter\Database\MySQLi\Connection->execute('SELECT `id_induk`, `delivery`, `buyer`
FROM `tabel_induk`
WHERE `no_model` = \'User Def 1\'
 LIMIT 1')
 2 SYSTEMPATH\Database\BaseConnection.php(648): CodeIgniter\Database\BaseConnection->simpleQuery('SELECT `id_induk`, `delivery`, `buyer`
FROM `tabel_induk`
WHERE `no_model` = \'User Def 1\'
 LIMIT 1')
 3 SYSTEMPATH\Database\BaseBuilder.php(1644): CodeIgniter\Database\BaseConnection->query('SELECT `id_induk`, `delivery`, `buyer`
FROM `tabel_induk`
WHERE `no_model` = :no_model:
 LIMIT 1', [...], false)
 4 SYSTEMPATH\Model.php(330): CodeIgniter\Database\BaseBuilder->get()
 5 SYSTEMPATH\BaseModel.php(714): CodeIgniter\Model->doFirst()
 6 APPPATH\Controllers\GudangController.php(665): CodeIgniter\BaseModel->first()
 7 SYSTEMPATH\CodeIgniter.php(933): App\Controllers\GudangController->importStock()
 8 SYSTEMPATH\CodeIgniter.php(509): CodeIgniter\CodeIgniter->runController(Object(App\Controllers\GudangController))
 9 SYSTEMPATH\CodeIgniter.php(355): CodeIgniter\CodeIgniter->handleRequest(null, Object(Config\Cache), false)
10 SYSTEMPATH\Boot.php(325): CodeIgniter\CodeIgniter->run()
11 SYSTEMPATH\Boot.php(67): CodeIgniter\Boot::runCodeIgniter(Object(CodeIgniter\CodeIgniter))
12 FCPATH\index.php(56): CodeIgniter\Boot::bootWeb(Object(Config\Paths))
13 SYSTEMPATH\rewrite.php(44): require_once('C:\\xampp\\htdocs\\warehouse_socks\\public\\index.php')
CRITICAL - 2025-06-30 11:33:12 --> [Caused by] mysqli_sql_exception: Unknown column 'buyer' in 'field list'
in SYSTEMPATH\Database\MySQLi\Connection.php on line 312.
 1 SYSTEMPATH\Database\MySQLi\Connection.php(312): mysqli->query('SELECT `id_induk`, `delivery`, `buyer`
FROM `tabel_induk`
WHERE `no_model` = \'User Def 1\'
 LIMIT 1', 0)
 2 SYSTEMPATH\Database\BaseConnection.php(734): CodeIgniter\Database\MySQLi\Connection->execute('SELECT `id_induk`, `delivery`, `buyer`
FROM `tabel_induk`
WHERE `no_model` = \'User Def 1\'
 LIMIT 1')
 3 SYSTEMPATH\Database\BaseConnection.php(648): CodeIgniter\Database\BaseConnection->simpleQuery('SELECT `id_induk`, `delivery`, `buyer`
FROM `tabel_induk`
WHERE `no_model` = \'User Def 1\'
 LIMIT 1')
 4 SYSTEMPATH\Database\BaseBuilder.php(1644): CodeIgniter\Database\BaseConnection->query('SELECT `id_induk`, `delivery`, `buyer`
FROM `tabel_induk`
WHERE `no_model` = :no_model:
 LIMIT 1', [...], false)
 5 SYSTEMPATH\Model.php(330): CodeIgniter\Database\BaseBuilder->get()
 6 SYSTEMPATH\BaseModel.php(714): CodeIgniter\Model->doFirst()
 7 APPPATH\Controllers\GudangController.php(665): CodeIgniter\BaseModel->first()
 8 SYSTEMPATH\CodeIgniter.php(933): App\Controllers\GudangController->importStock()
 9 SYSTEMPATH\CodeIgniter.php(509): CodeIgniter\CodeIgniter->runController(Object(App\Controllers\GudangController))
10 SYSTEMPATH\CodeIgniter.php(355): CodeIgniter\CodeIgniter->handleRequest(null, Object(Config\Cache), false)
11 SYSTEMPATH\Boot.php(325): CodeIgniter\CodeIgniter->run()
12 SYSTEMPATH\Boot.php(67): CodeIgniter\Boot::runCodeIgniter(Object(CodeIgniter\CodeIgniter))
13 FCPATH\index.php(56): CodeIgniter\Boot::bootWeb(Object(Config\Paths))
14 SYSTEMPATH\rewrite.php(44): require_once('C:\\xampp\\htdocs\\warehouse_socks\\public\\index.php')
CRITICAL - 2025-06-30 14:47:23 --> ErrorException: Undefined array key "id_stock"
[Method: POST, Route: gudang/importstock]
in APPPATH\Controllers\GudangController.php on line 794.
 1 APPPATH\Controllers\GudangController.php(794): CodeIgniter\Debug\Exceptions->errorHandler(2, 'Undefined array key "id_stock"', 'C:\\xampp\\htdocs\\warehouse_socks\\app\\Controllers\\GudangController.php', 794)
 2 SYSTEMPATH\CodeIgniter.php(933): App\Controllers\GudangController->importStock()
 3 SYSTEMPATH\CodeIgniter.php(509): CodeIgniter\CodeIgniter->runController(Object(App\Controllers\GudangController))
 4 SYSTEMPATH\CodeIgniter.php(355): CodeIgniter\CodeIgniter->handleRequest(null, Object(Config\Cache), false)
 5 SYSTEMPATH\Boot.php(325): CodeIgniter\CodeIgniter->run()
 6 SYSTEMPATH\Boot.php(67): CodeIgniter\Boot::runCodeIgniter(Object(CodeIgniter\CodeIgniter))
 7 FCPATH\index.php(56): CodeIgniter\Boot::bootWeb(Object(Config\Paths))
 8 SYSTEMPATH\rewrite.php(44): require_once('C:\\xampp\\htdocs\\warehouse_socks\\public\\index.php')
CRITICAL - 2025-06-30 15:07:41 --> ErrorException: Undefined array key "id"
[Method: POST, Route: gudang/importstock]
in APPPATH\Controllers\GudangController.php on line 817.
 1 APPPATH\Controllers\GudangController.php(817): CodeIgniter\Debug\Exceptions->errorHandler(2, 'Undefined array key "id"', 'C:\\xampp\\htdocs\\warehouse_socks\\app\\Controllers\\GudangController.php', 817)
 2 SYSTEMPATH\CodeIgniter.php(933): App\Controllers\GudangController->importStock()
 3 SYSTEMPATH\CodeIgniter.php(509): CodeIgniter\CodeIgniter->runController(Object(App\Controllers\GudangController))
 4 SYSTEMPATH\CodeIgniter.php(355): CodeIgniter\CodeIgniter->handleRequest(null, Object(Config\Cache), false)
 5 SYSTEMPATH\Boot.php(325): CodeIgniter\CodeIgniter->run()
 6 SYSTEMPATH\Boot.php(67): CodeIgniter\Boot::runCodeIgniter(Object(CodeIgniter\CodeIgniter))
 7 FCPATH\index.php(56): CodeIgniter\Boot::bootWeb(Object(Config\Paths))
 8 SYSTEMPATH\rewrite.php(44): require_once('C:\\xampp\\htdocs\\warehouse_socks\\public\\index.php')
ERROR - 2025-06-30 15:24:46 --> mysqli_sql_exception: Column 'admin' cannot be null in C:\xampp\htdocs\warehouse_socks\vendor\codeigniter4\framework\system\Database\MySQLi\Connection.php:312
Stack trace:
#0 C:\xampp\htdocs\warehouse_socks\vendor\codeigniter4\framework\system\Database\MySQLi\Connection.php(312): mysqli->query('INSERT INTO `st...', 0)
#1 C:\xampp\htdocs\warehouse_socks\vendor\codeigniter4\framework\system\Database\BaseConnection.php(734): CodeIgniter\Database\MySQLi\Connection->execute('INSERT INTO `st...')
#2 C:\xampp\htdocs\warehouse_socks\vendor\codeigniter4\framework\system\Database\BaseConnection.php(648): CodeIgniter\Database\BaseConnection->simpleQuery('INSERT INTO `st...')
#3 C:\xampp\htdocs\warehouse_socks\vendor\codeigniter4\framework\system\Database\BaseBuilder.php(2340): CodeIgniter\Database\BaseConnection->query('INSERT INTO `st...', Array, false)
#4 C:\xampp\htdocs\warehouse_socks\vendor\codeigniter4\framework\system\Model.php(394): CodeIgniter\Database\BaseBuilder->insert()
#5 C:\xampp\htdocs\warehouse_socks\vendor\codeigniter4\framework\system\BaseModel.php(840): CodeIgniter\Model->doInsert(Array)
#6 C:\xampp\htdocs\warehouse_socks\vendor\codeigniter4\framework\system\Model.php(802): CodeIgniter\BaseModel->insert(Array, true)
#7 C:\xampp\htdocs\warehouse_socks\app\Controllers\GudangController.php(829): CodeIgniter\Model->insert(Array)
#8 C:\xampp\htdocs\warehouse_socks\vendor\codeigniter4\framework\system\CodeIgniter.php(933): App\Controllers\GudangController->importStock()
#9 C:\xampp\htdocs\warehouse_socks\vendor\codeigniter4\framework\system\CodeIgniter.php(509): CodeIgniter\CodeIgniter->runController(Object(App\Controllers\GudangController))
#10 C:\xampp\htdocs\warehouse_socks\vendor\codeigniter4\framework\system\CodeIgniter.php(355): CodeIgniter\CodeIgniter->handleRequest(NULL, Object(Config\Cache), false)
#11 C:\xampp\htdocs\warehouse_socks\vendor\codeigniter4\framework\system\Boot.php(325): CodeIgniter\CodeIgniter->run()
#12 C:\xampp\htdocs\warehouse_socks\vendor\codeigniter4\framework\system\Boot.php(67): CodeIgniter\Boot::runCodeIgniter(Object(CodeIgniter\CodeIgniter))
#13 C:\xampp\htdocs\warehouse_socks\public\index.php(56): CodeIgniter\Boot::bootWeb(Object(Config\Paths))
#14 C:\xampp\htdocs\warehouse_socks\vendor\codeigniter4\framework\system\rewrite.php(44): require_once('C:\\xampp\\htdocs...')
#15 {main}
CRITICAL - 2025-06-30 15:24:46 --> CodeIgniter\Database\Exceptions\DatabaseException: Column 'admin' cannot be null
[Method: POST, Route: gudang/importstock]
in SYSTEMPATH\Database\BaseConnection.php on line 688.
 1 SYSTEMPATH\Database\BaseBuilder.php(2340): CodeIgniter\Database\BaseConnection->query('INSERT INTO `stock` (`id_anak`, `created_at`, `qty_stock`, `box_stock`, `jalur`, `gd_setting`, `admin`) VALUES (:id_anak:, :created_at:, :qty_stock:, :box_stock:, :jalur:, :gd_setting:, :admin:)', [...], false)
 2 SYSTEMPATH\Model.php(394): CodeIgniter\Database\BaseBuilder->insert()
 3 SYSTEMPATH\BaseModel.php(840): CodeIgniter\Model->doInsert([...])
 4 SYSTEMPATH\Model.php(802): CodeIgniter\BaseModel->insert([...], true)
 5 APPPATH\Controllers\GudangController.php(829): CodeIgniter\Model->insert([...])
 6 SYSTEMPATH\CodeIgniter.php(933): App\Controllers\GudangController->importStock()
 7 SYSTEMPATH\CodeIgniter.php(509): CodeIgniter\CodeIgniter->runController(Object(App\Controllers\GudangController))
 8 SYSTEMPATH\CodeIgniter.php(355): CodeIgniter\CodeIgniter->handleRequest(null, Object(Config\Cache), false)
 9 SYSTEMPATH\Boot.php(325): CodeIgniter\CodeIgniter->run()
10 SYSTEMPATH\Boot.php(67): CodeIgniter\Boot::runCodeIgniter(Object(CodeIgniter\CodeIgniter))
11 FCPATH\index.php(56): CodeIgniter\Boot::bootWeb(Object(Config\Paths))
12 SYSTEMPATH\rewrite.php(44): require_once('C:\\xampp\\htdocs\\warehouse_socks\\public\\index.php')
CRITICAL - 2025-06-30 15:24:46 --> [Caused by] CodeIgniter\Database\Exceptions\DatabaseException: Column 'admin' cannot be null
in SYSTEMPATH\Database\MySQLi\Connection.php on line 317.
 1 SYSTEMPATH\Database\BaseConnection.php(734): CodeIgniter\Database\MySQLi\Connection->execute('INSERT INTO `stock` (`id_anak`, `created_at`, `qty_stock`, `box_stock`, `jalur`, `gd_setting`, `admin`) VALUES (\'879\', \'2025-06-30 15:24:46\', 0, 0, \'A.1.01\', \'GD SETTING\', NULL)')
 2 SYSTEMPATH\Database\BaseConnection.php(648): CodeIgniter\Database\BaseConnection->simpleQuery('INSERT INTO `stock` (`id_anak`, `created_at`, `qty_stock`, `box_stock`, `jalur`, `gd_setting`, `admin`) VALUES (\'879\', \'2025-06-30 15:24:46\', 0, 0, \'A.1.01\', \'GD SETTING\', NULL)')
 3 SYSTEMPATH\Database\BaseBuilder.php(2340): CodeIgniter\Database\BaseConnection->query('INSERT INTO `stock` (`id_anak`, `created_at`, `qty_stock`, `box_stock`, `jalur`, `gd_setting`, `admin`) VALUES (:id_anak:, :created_at:, :qty_stock:, :box_stock:, :jalur:, :gd_setting:, :admin:)', [...], false)
 4 SYSTEMPATH\Model.php(394): CodeIgniter\Database\BaseBuilder->insert()
 5 SYSTEMPATH\BaseModel.php(840): CodeIgniter\Model->doInsert([...])
 6 SYSTEMPATH\Model.php(802): CodeIgniter\BaseModel->insert([...], true)
 7 APPPATH\Controllers\GudangController.php(829): CodeIgniter\Model->insert([...])
 8 SYSTEMPATH\CodeIgniter.php(933): App\Controllers\GudangController->importStock()
 9 SYSTEMPATH\CodeIgniter.php(509): CodeIgniter\CodeIgniter->runController(Object(App\Controllers\GudangController))
10 SYSTEMPATH\CodeIgniter.php(355): CodeIgniter\CodeIgniter->handleRequest(null, Object(Config\Cache), false)
11 SYSTEMPATH\Boot.php(325): CodeIgniter\CodeIgniter->run()
12 SYSTEMPATH\Boot.php(67): CodeIgniter\Boot::runCodeIgniter(Object(CodeIgniter\CodeIgniter))
13 FCPATH\index.php(56): CodeIgniter\Boot::bootWeb(Object(Config\Paths))
14 SYSTEMPATH\rewrite.php(44): require_once('C:\\xampp\\htdocs\\warehouse_socks\\public\\index.php')
CRITICAL - 2025-06-30 15:24:46 --> [Caused by] mysqli_sql_exception: Column 'admin' cannot be null
in SYSTEMPATH\Database\MySQLi\Connection.php on line 312.
 1 SYSTEMPATH\Database\MySQLi\Connection.php(312): mysqli->query('INSERT INTO `stock` (`id_anak`, `created_at`, `qty_stock`, `box_stock`, `jalur`, `gd_setting`, `admin`) VALUES (\'879\', \'2025-06-30 15:24:46\', 0, 0, \'A.1.01\', \'GD SETTING\', NULL)', 0)
 2 SYSTEMPATH\Database\BaseConnection.php(734): CodeIgniter\Database\MySQLi\Connection->execute('INSERT INTO `stock` (`id_anak`, `created_at`, `qty_stock`, `box_stock`, `jalur`, `gd_setting`, `admin`) VALUES (\'879\', \'2025-06-30 15:24:46\', 0, 0, \'A.1.01\', \'GD SETTING\', NULL)')
 3 SYSTEMPATH\Database\BaseConnection.php(648): CodeIgniter\Database\BaseConnection->simpleQuery('INSERT INTO `stock` (`id_anak`, `created_at`, `qty_stock`, `box_stock`, `jalur`, `gd_setting`, `admin`) VALUES (\'879\', \'2025-06-30 15:24:46\', 0, 0, \'A.1.01\', \'GD SETTING\', NULL)')
 4 SYSTEMPATH\Database\BaseBuilder.php(2340): CodeIgniter\Database\BaseConnection->query('INSERT INTO `stock` (`id_anak`, `created_at`, `qty_stock`, `box_stock`, `jalur`, `gd_setting`, `admin`) VALUES (:id_anak:, :created_at:, :qty_stock:, :box_stock:, :jalur:, :gd_setting:, :admin:)', [...], false)
 5 SYSTEMPATH\Model.php(394): CodeIgniter\Database\BaseBuilder->insert()
 6 SYSTEMPATH\BaseModel.php(840): CodeIgniter\Model->doInsert([...])
 7 SYSTEMPATH\Model.php(802): CodeIgniter\BaseModel->insert([...], true)
 8 APPPATH\Controllers\GudangController.php(829): CodeIgniter\Model->insert([...])
 9 SYSTEMPATH\CodeIgniter.php(933): App\Controllers\GudangController->importStock()
10 SYSTEMPATH\CodeIgniter.php(509): CodeIgniter\CodeIgniter->runController(Object(App\Controllers\GudangController))
11 SYSTEMPATH\CodeIgniter.php(355): CodeIgniter\CodeIgniter->handleRequest(null, Object(Config\Cache), false)
12 SYSTEMPATH\Boot.php(325): CodeIgniter\CodeIgniter->run()
13 SYSTEMPATH\Boot.php(67): CodeIgniter\Boot::runCodeIgniter(Object(CodeIgniter\CodeIgniter))
14 FCPATH\index.php(56): CodeIgniter\Boot::bootWeb(Object(Config\Paths))
15 SYSTEMPATH\rewrite.php(44): require_once('C:\\xampp\\htdocs\\warehouse_socks\\public\\index.php')
CRITICAL - 2025-06-30 15:26:13 --> ErrorException: Undefined array key "qty"
[Method: POST, Route: gudang/importstock]
in APPPATH\Controllers\GudangController.php on line 844.
 1 APPPATH\Controllers\GudangController.php(844): CodeIgniter\Debug\Exceptions->errorHandler(2, 'Undefined array key "qty"', 'C:\\xampp\\htdocs\\warehouse_socks\\app\\Controllers\\GudangController.php', 844)
 2 SYSTEMPATH\CodeIgniter.php(933): App\Controllers\GudangController->importStock()
 3 SYSTEMPATH\CodeIgniter.php(509): CodeIgniter\CodeIgniter->runController(Object(App\Controllers\GudangController))
 4 SYSTEMPATH\CodeIgniter.php(355): CodeIgniter\CodeIgniter->handleRequest(null, Object(Config\Cache), false)
 5 SYSTEMPATH\Boot.php(325): CodeIgniter\CodeIgniter->run()
 6 SYSTEMPATH\Boot.php(67): CodeIgniter\Boot::runCodeIgniter(Object(CodeIgniter\CodeIgniter))
 7 FCPATH\index.php(56): CodeIgniter\Boot::bootWeb(Object(Config\Paths))
 8 SYSTEMPATH\rewrite.php(44): require_once('C:\\xampp\\htdocs\\warehouse_socks\\public\\index.php')
CRITICAL - 2025-06-30 15:26:27 --> ErrorException: Undefined array key "qty"
[Method: POST, Route: gudang/importstock]
in APPPATH\Controllers\GudangController.php on line 844.
 1 APPPATH\Controllers\GudangController.php(844): CodeIgniter\Debug\Exceptions->errorHandler(2, 'Undefined array key "qty"', 'C:\\xampp\\htdocs\\warehouse_socks\\app\\Controllers\\GudangController.php', 844)
 2 SYSTEMPATH\CodeIgniter.php(933): App\Controllers\GudangController->importStock()
 3 SYSTEMPATH\CodeIgniter.php(509): CodeIgniter\CodeIgniter->runController(Object(App\Controllers\GudangController))
 4 SYSTEMPATH\CodeIgniter.php(355): CodeIgniter\CodeIgniter->handleRequest(null, Object(Config\Cache), false)
 5 SYSTEMPATH\Boot.php(325): CodeIgniter\CodeIgniter->run()
 6 SYSTEMPATH\Boot.php(67): CodeIgniter\Boot::runCodeIgniter(Object(CodeIgniter\CodeIgniter))
 7 FCPATH\index.php(56): CodeIgniter\Boot::bootWeb(Object(Config\Paths))
 8 SYSTEMPATH\rewrite.php(44): require_once('C:\\xampp\\htdocs\\warehouse_socks\\public\\index.php')
