INFO - 2025-07-25 08:06:46 --> Session: Class initialized using 'CodeIgniter\Session\Handlers\FileHandler' driver.
INFO - 2025-07-25 08:06:47 --> Session: Class initialized using 'CodeIgniter\Session\Handlers\FileHandler' driver.
DEBUG - 2025-07-25 08:06:57 --> Trying to log in with username: gudang
DEBUG - 2025-07-25 08:06:57 --> Login successful for username: gudang
INFO - 2025-07-25 08:06:57 --> Session: Class initialized using 'CodeIgniter\Session\Handlers\FileHandler' driver.
INFO - 2025-07-25 08:06:57 --> Session: Class initialized using 'CodeIgniter\Session\Handlers\FileHandler' driver.
WARNING - 2025-07-25 08:06:58 --> [DEPRECATED] number_format(): Passing null to parameter #1 ($num) of type float is deprecated in APPPATH\Views\gudang\index.php on line 72.
 1 APPPATH\Views\gudang\index.php(72): number_format(null, 2)
 2 SYSTEMPATH\View\View.php(234): include('C:\\xampp\\htdocs\\warehouse_socks\\app\\Views\\gudang\\index.php')
 3 SYSTEMPATH\View\View.php(237): CodeIgniter\View\View->CodeIgniter\View\{closure}()
 4 SYSTEMPATH\Common.php(1171): CodeIgniter\View\View->render('gudang/index', [], true)
 5 APPPATH\Controllers\GudangController.php(175): view('gudang/index', [...])
 6 SYSTEMPATH\CodeIgniter.php(933): App\Controllers\GudangController->index()
 7 SYSTEMPATH\CodeIgniter.php(509): CodeIgniter\CodeIgniter->runController(Object(App\Controllers\GudangController))
 8 SYSTEMPATH\CodeIgniter.php(355): CodeIgniter\CodeIgniter->handleRequest(null, Object(Config\Cache), false)
 9 SYSTEMPATH\Boot.php(325): CodeIgniter\CodeIgniter->run()
10 SYSTEMPATH\Boot.php(67): CodeIgniter\Boot::runCodeIgniter(Object(CodeIgniter\CodeIgniter))
11 FCPATH\index.php(56): CodeIgniter\Boot::bootWeb(Object(Config\Paths))
12 SYSTEMPATH\rewrite.php(44): require_once('C:\\xampp\\htdocs\\warehouse_socks\\public\\index.php')
WARNING - 2025-07-25 08:06:58 --> [DEPRECATED] number_format(): Passing null to parameter #1 ($num) of type float is deprecated in APPPATH\Views\gudang\index.php on line 108.
 1 APPPATH\Views\gudang\index.php(108): number_format(null, 2)
 2 SYSTEMPATH\View\View.php(234): include('C:\\xampp\\htdocs\\warehouse_socks\\app\\Views\\gudang\\index.php')
 3 SYSTEMPATH\View\View.php(237): CodeIgniter\View\View->CodeIgniter\View\{closure}()
 4 SYSTEMPATH\Common.php(1171): CodeIgniter\View\View->render('gudang/index', [], true)
 5 APPPATH\Controllers\GudangController.php(175): view('gudang/index', [...])
 6 SYSTEMPATH\CodeIgniter.php(933): App\Controllers\GudangController->index()
 7 SYSTEMPATH\CodeIgniter.php(509): CodeIgniter\CodeIgniter->runController(Object(App\Controllers\GudangController))
 8 SYSTEMPATH\CodeIgniter.php(355): CodeIgniter\CodeIgniter->handleRequest(null, Object(Config\Cache), false)
 9 SYSTEMPATH\Boot.php(325): CodeIgniter\CodeIgniter->run()
10 SYSTEMPATH\Boot.php(67): CodeIgniter\Boot::runCodeIgniter(Object(CodeIgniter\CodeIgniter))
11 FCPATH\index.php(56): CodeIgniter\Boot::bootWeb(Object(Config\Paths))
12 SYSTEMPATH\rewrite.php(44): require_once('C:\\xampp\\htdocs\\warehouse_socks\\public\\index.php')
WARNING - 2025-07-25 08:06:58 --> [DEPRECATED] number_format(): Passing null to parameter #1 ($num) of type float is deprecated in APPPATH\Views\gudang\index.php on line 145.
 1 APPPATH\Views\gudang\index.php(145): number_format(null, 2)
 2 SYSTEMPATH\View\View.php(234): include('C:\\xampp\\htdocs\\warehouse_socks\\app\\Views\\gudang\\index.php')
 3 SYSTEMPATH\View\View.php(237): CodeIgniter\View\View->CodeIgniter\View\{closure}()
 4 SYSTEMPATH\Common.php(1171): CodeIgniter\View\View->render('gudang/index', [], true)
 5 APPPATH\Controllers\GudangController.php(175): view('gudang/index', [...])
 6 SYSTEMPATH\CodeIgniter.php(933): App\Controllers\GudangController->index()
 7 SYSTEMPATH\CodeIgniter.php(509): CodeIgniter\CodeIgniter->runController(Object(App\Controllers\GudangController))
 8 SYSTEMPATH\CodeIgniter.php(355): CodeIgniter\CodeIgniter->handleRequest(null, Object(Config\Cache), false)
 9 SYSTEMPATH\Boot.php(325): CodeIgniter\CodeIgniter->run()
10 SYSTEMPATH\Boot.php(67): CodeIgniter\Boot::runCodeIgniter(Object(CodeIgniter\CodeIgniter))
11 FCPATH\index.php(56): CodeIgniter\Boot::bootWeb(Object(Config\Paths))
12 SYSTEMPATH\rewrite.php(44): require_once('C:\\xampp\\htdocs\\warehouse_socks\\public\\index.php')
INFO - 2025-07-25 08:07:03 --> Session: Class initialized using 'CodeIgniter\Session\Handlers\FileHandler' driver.
WARNING - 2025-07-25 08:07:03 --> [DEPRECATED] number_format(): Passing null to parameter #1 ($num) of type float is deprecated in APPPATH\Views\gudang\index.php on line 72.
 1 APPPATH\Views\gudang\index.php(72): number_format(null, 2)
 2 SYSTEMPATH\View\View.php(234): include('C:\\xampp\\htdocs\\warehouse_socks\\app\\Views\\gudang\\index.php')
 3 SYSTEMPATH\View\View.php(237): CodeIgniter\View\View->CodeIgniter\View\{closure}()
 4 SYSTEMPATH\Common.php(1171): CodeIgniter\View\View->render('gudang/index', [], true)
 5 APPPATH\Controllers\GudangController.php(175): view('gudang/index', [...])
 6 SYSTEMPATH\CodeIgniter.php(933): App\Controllers\GudangController->index()
 7 SYSTEMPATH\CodeIgniter.php(509): CodeIgniter\CodeIgniter->runController(Object(App\Controllers\GudangController))
 8 SYSTEMPATH\CodeIgniter.php(355): CodeIgniter\CodeIgniter->handleRequest(null, Object(Config\Cache), false)
 9 SYSTEMPATH\Boot.php(325): CodeIgniter\CodeIgniter->run()
10 SYSTEMPATH\Boot.php(67): CodeIgniter\Boot::runCodeIgniter(Object(CodeIgniter\CodeIgniter))
11 FCPATH\index.php(56): CodeIgniter\Boot::bootWeb(Object(Config\Paths))
12 SYSTEMPATH\rewrite.php(44): require_once('C:\\xampp\\htdocs\\warehouse_socks\\public\\index.php')
WARNING - 2025-07-25 08:07:03 --> [DEPRECATED] number_format(): Passing null to parameter #1 ($num) of type float is deprecated in APPPATH\Views\gudang\index.php on line 108.
 1 APPPATH\Views\gudang\index.php(108): number_format(null, 2)
 2 SYSTEMPATH\View\View.php(234): include('C:\\xampp\\htdocs\\warehouse_socks\\app\\Views\\gudang\\index.php')
 3 SYSTEMPATH\View\View.php(237): CodeIgniter\View\View->CodeIgniter\View\{closure}()
 4 SYSTEMPATH\Common.php(1171): CodeIgniter\View\View->render('gudang/index', [], true)
 5 APPPATH\Controllers\GudangController.php(175): view('gudang/index', [...])
 6 SYSTEMPATH\CodeIgniter.php(933): App\Controllers\GudangController->index()
 7 SYSTEMPATH\CodeIgniter.php(509): CodeIgniter\CodeIgniter->runController(Object(App\Controllers\GudangController))
 8 SYSTEMPATH\CodeIgniter.php(355): CodeIgniter\CodeIgniter->handleRequest(null, Object(Config\Cache), false)
 9 SYSTEMPATH\Boot.php(325): CodeIgniter\CodeIgniter->run()
10 SYSTEMPATH\Boot.php(67): CodeIgniter\Boot::runCodeIgniter(Object(CodeIgniter\CodeIgniter))
11 FCPATH\index.php(56): CodeIgniter\Boot::bootWeb(Object(Config\Paths))
12 SYSTEMPATH\rewrite.php(44): require_once('C:\\xampp\\htdocs\\warehouse_socks\\public\\index.php')
WARNING - 2025-07-25 08:07:03 --> [DEPRECATED] number_format(): Passing null to parameter #1 ($num) of type float is deprecated in APPPATH\Views\gudang\index.php on line 145.
 1 APPPATH\Views\gudang\index.php(145): number_format(null, 2)
 2 SYSTEMPATH\View\View.php(234): include('C:\\xampp\\htdocs\\warehouse_socks\\app\\Views\\gudang\\index.php')
 3 SYSTEMPATH\View\View.php(237): CodeIgniter\View\View->CodeIgniter\View\{closure}()
 4 SYSTEMPATH\Common.php(1171): CodeIgniter\View\View->render('gudang/index', [], true)
 5 APPPATH\Controllers\GudangController.php(175): view('gudang/index', [...])
 6 SYSTEMPATH\CodeIgniter.php(933): App\Controllers\GudangController->index()
 7 SYSTEMPATH\CodeIgniter.php(509): CodeIgniter\CodeIgniter->runController(Object(App\Controllers\GudangController))
 8 SYSTEMPATH\CodeIgniter.php(355): CodeIgniter\CodeIgniter->handleRequest(null, Object(Config\Cache), false)
 9 SYSTEMPATH\Boot.php(325): CodeIgniter\CodeIgniter->run()
10 SYSTEMPATH\Boot.php(67): CodeIgniter\Boot::runCodeIgniter(Object(CodeIgniter\CodeIgniter))
11 FCPATH\index.php(56): CodeIgniter\Boot::bootWeb(Object(Config\Paths))
12 SYSTEMPATH\rewrite.php(44): require_once('C:\\xampp\\htdocs\\warehouse_socks\\public\\index.php')
INFO - 2025-07-25 08:07:04 --> Session: Class initialized using 'CodeIgniter\Session\Handlers\FileHandler' driver.
INFO - 2025-07-25 08:07:05 --> Session: Class initialized using 'CodeIgniter\Session\Handlers\FileHandler' driver.
WARNING - 2025-07-25 08:07:05 --> [DEPRECATED] number_format(): Passing null to parameter #1 ($num) of type float is deprecated in APPPATH\Views\gudang\index.php on line 72.
 1 APPPATH\Views\gudang\index.php(72): number_format(null, 2)
 2 SYSTEMPATH\View\View.php(234): include('C:\\xampp\\htdocs\\warehouse_socks\\app\\Views\\gudang\\index.php')
 3 SYSTEMPATH\View\View.php(237): CodeIgniter\View\View->CodeIgniter\View\{closure}()
 4 SYSTEMPATH\Common.php(1171): CodeIgniter\View\View->render('gudang/index', [], true)
 5 APPPATH\Controllers\GudangController.php(175): view('gudang/index', [...])
 6 SYSTEMPATH\CodeIgniter.php(933): App\Controllers\GudangController->index()
 7 SYSTEMPATH\CodeIgniter.php(509): CodeIgniter\CodeIgniter->runController(Object(App\Controllers\GudangController))
 8 SYSTEMPATH\CodeIgniter.php(355): CodeIgniter\CodeIgniter->handleRequest(null, Object(Config\Cache), false)
 9 SYSTEMPATH\Boot.php(325): CodeIgniter\CodeIgniter->run()
10 SYSTEMPATH\Boot.php(67): CodeIgniter\Boot::runCodeIgniter(Object(CodeIgniter\CodeIgniter))
11 FCPATH\index.php(56): CodeIgniter\Boot::bootWeb(Object(Config\Paths))
12 SYSTEMPATH\rewrite.php(44): require_once('C:\\xampp\\htdocs\\warehouse_socks\\public\\index.php')
WARNING - 2025-07-25 08:07:05 --> [DEPRECATED] number_format(): Passing null to parameter #1 ($num) of type float is deprecated in APPPATH\Views\gudang\index.php on line 108.
 1 APPPATH\Views\gudang\index.php(108): number_format(null, 2)
 2 SYSTEMPATH\View\View.php(234): include('C:\\xampp\\htdocs\\warehouse_socks\\app\\Views\\gudang\\index.php')
 3 SYSTEMPATH\View\View.php(237): CodeIgniter\View\View->CodeIgniter\View\{closure}()
 4 SYSTEMPATH\Common.php(1171): CodeIgniter\View\View->render('gudang/index', [], true)
 5 APPPATH\Controllers\GudangController.php(175): view('gudang/index', [...])
 6 SYSTEMPATH\CodeIgniter.php(933): App\Controllers\GudangController->index()
 7 SYSTEMPATH\CodeIgniter.php(509): CodeIgniter\CodeIgniter->runController(Object(App\Controllers\GudangController))
 8 SYSTEMPATH\CodeIgniter.php(355): CodeIgniter\CodeIgniter->handleRequest(null, Object(Config\Cache), false)
 9 SYSTEMPATH\Boot.php(325): CodeIgniter\CodeIgniter->run()
10 SYSTEMPATH\Boot.php(67): CodeIgniter\Boot::runCodeIgniter(Object(CodeIgniter\CodeIgniter))
11 FCPATH\index.php(56): CodeIgniter\Boot::bootWeb(Object(Config\Paths))
12 SYSTEMPATH\rewrite.php(44): require_once('C:\\xampp\\htdocs\\warehouse_socks\\public\\index.php')
WARNING - 2025-07-25 08:07:05 --> [DEPRECATED] number_format(): Passing null to parameter #1 ($num) of type float is deprecated in APPPATH\Views\gudang\index.php on line 145.
 1 APPPATH\Views\gudang\index.php(145): number_format(null, 2)
 2 SYSTEMPATH\View\View.php(234): include('C:\\xampp\\htdocs\\warehouse_socks\\app\\Views\\gudang\\index.php')
 3 SYSTEMPATH\View\View.php(237): CodeIgniter\View\View->CodeIgniter\View\{closure}()
 4 SYSTEMPATH\Common.php(1171): CodeIgniter\View\View->render('gudang/index', [], true)
 5 APPPATH\Controllers\GudangController.php(175): view('gudang/index', [...])
 6 SYSTEMPATH\CodeIgniter.php(933): App\Controllers\GudangController->index()
 7 SYSTEMPATH\CodeIgniter.php(509): CodeIgniter\CodeIgniter->runController(Object(App\Controllers\GudangController))
 8 SYSTEMPATH\CodeIgniter.php(355): CodeIgniter\CodeIgniter->handleRequest(null, Object(Config\Cache), false)
 9 SYSTEMPATH\Boot.php(325): CodeIgniter\CodeIgniter->run()
10 SYSTEMPATH\Boot.php(67): CodeIgniter\Boot::runCodeIgniter(Object(CodeIgniter\CodeIgniter))
11 FCPATH\index.php(56): CodeIgniter\Boot::bootWeb(Object(Config\Paths))
12 SYSTEMPATH\rewrite.php(44): require_once('C:\\xampp\\htdocs\\warehouse_socks\\public\\index.php')
INFO - 2025-07-25 08:07:06 --> Session: Class initialized using 'CodeIgniter\Session\Handlers\FileHandler' driver.
INFO - 2025-07-25 08:07:07 --> Session: Class initialized using 'CodeIgniter\Session\Handlers\FileHandler' driver.
INFO - 2025-07-25 08:07:12 --> Session: Class initialized using 'CodeIgniter\Session\Handlers\FileHandler' driver.
INFO - 2025-07-25 08:07:14 --> Session: Class initialized using 'CodeIgniter\Session\Handlers\FileHandler' driver.
INFO - 2025-07-25 08:08:33 --> Session: Class initialized using 'CodeIgniter\Session\Handlers\FileHandler' driver.
INFO - 2025-07-25 08:08:33 --> Session: Class initialized using 'CodeIgniter\Session\Handlers\FileHandler' driver.
INFO - 2025-07-25 08:09:06 --> Session: Class initialized using 'CodeIgniter\Session\Handlers\FileHandler' driver.
INFO - 2025-07-25 08:09:06 --> Session: Class initialized using 'CodeIgniter\Session\Handlers\FileHandler' driver.
INFO - 2025-07-25 08:09:39 --> Session: Class initialized using 'CodeIgniter\Session\Handlers\FileHandler' driver.
INFO - 2025-07-25 08:11:03 --> Session: Class initialized using 'CodeIgniter\Session\Handlers\FileHandler' driver.
INFO - 2025-07-25 08:11:04 --> Session: Class initialized using 'CodeIgniter\Session\Handlers\FileHandler' driver.
INFO - 2025-07-25 08:11:58 --> Session: Class initialized using 'CodeIgniter\Session\Handlers\FileHandler' driver.
INFO - 2025-07-25 08:12:00 --> Session: Class initialized using 'CodeIgniter\Session\Handlers\FileHandler' driver.
INFO - 2025-07-25 08:14:34 --> Session: Class initialized using 'CodeIgniter\Session\Handlers\FileHandler' driver.
INFO - 2025-07-25 08:15:11 --> Session: Class initialized using 'CodeIgniter\Session\Handlers\FileHandler' driver.
INFO - 2025-07-25 08:15:23 --> Session: Class initialized using 'CodeIgniter\Session\Handlers\FileHandler' driver.
INFO - 2025-07-25 08:16:54 --> Session: Class initialized using 'CodeIgniter\Session\Handlers\FileHandler' driver.
INFO - 2025-07-25 08:17:02 --> Session: Class initialized using 'CodeIgniter\Session\Handlers\FileHandler' driver.
INFO - 2025-07-25 08:17:03 --> Session: Class initialized using 'CodeIgniter\Session\Handlers\FileHandler' driver.
INFO - 2025-07-25 08:17:39 --> Session: Class initialized using 'CodeIgniter\Session\Handlers\FileHandler' driver.
INFO - 2025-07-25 08:17:42 --> Session: Class initialized using 'CodeIgniter\Session\Handlers\FileHandler' driver.
INFO - 2025-07-25 08:17:43 --> Session: Class initialized using 'CodeIgniter\Session\Handlers\FileHandler' driver.
INFO - 2025-07-25 08:19:05 --> Session: Class initialized using 'CodeIgniter\Session\Handlers\FileHandler' driver.
INFO - 2025-07-25 08:19:53 --> Session: Class initialized using 'CodeIgniter\Session\Handlers\FileHandler' driver.
INFO - 2025-07-25 08:20:00 --> Session: Class initialized using 'CodeIgniter\Session\Handlers\FileHandler' driver.
INFO - 2025-07-25 08:31:34 --> Session: Class initialized using 'CodeIgniter\Session\Handlers\FileHandler' driver.
INFO - 2025-07-25 08:31:36 --> Session: Class initialized using 'CodeIgniter\Session\Handlers\FileHandler' driver.
INFO - 2025-07-25 08:31:41 --> Session: Class initialized using 'CodeIgniter\Session\Handlers\FileHandler' driver.
INFO - 2025-07-25 08:31:43 --> Session: Class initialized using 'CodeIgniter\Session\Handlers\FileHandler' driver.
INFO - 2025-07-25 08:34:18 --> Session: Class initialized using 'CodeIgniter\Session\Handlers\FileHandler' driver.
INFO - 2025-07-25 08:34:19 --> Session: Class initialized using 'CodeIgniter\Session\Handlers\FileHandler' driver.
INFO - 2025-07-25 08:34:37 --> Session: Class initialized using 'CodeIgniter\Session\Handlers\FileHandler' driver.
INFO - 2025-07-25 08:35:26 --> Session: Class initialized using 'CodeIgniter\Session\Handlers\FileHandler' driver.
INFO - 2025-07-25 08:35:30 --> Session: Class initialized using 'CodeIgniter\Session\Handlers\FileHandler' driver.
INFO - 2025-07-25 08:35:32 --> Session: Class initialized using 'CodeIgniter\Session\Handlers\FileHandler' driver.
INFO - 2025-07-25 08:36:03 --> Session: Class initialized using 'CodeIgniter\Session\Handlers\FileHandler' driver.
INFO - 2025-07-25 08:36:07 --> Session: Class initialized using 'CodeIgniter\Session\Handlers\FileHandler' driver.
INFO - 2025-07-25 08:36:08 --> Session: Class initialized using 'CodeIgniter\Session\Handlers\FileHandler' driver.
INFO - 2025-07-25 08:37:28 --> Session: Class initialized using 'CodeIgniter\Session\Handlers\FileHandler' driver.
INFO - 2025-07-25 08:38:53 --> Session: Class initialized using 'CodeIgniter\Session\Handlers\FileHandler' driver.
INFO - 2025-07-25 08:39:00 --> Session: Class initialized using 'CodeIgniter\Session\Handlers\FileHandler' driver.
INFO - 2025-07-25 08:39:00 --> Session: Class initialized using 'CodeIgniter\Session\Handlers\FileHandler' driver.
INFO - 2025-07-25 08:45:50 --> Session: Class initialized using 'CodeIgniter\Session\Handlers\FileHandler' driver.
INFO - 2025-07-25 08:45:58 --> Session: Class initialized using 'CodeIgniter\Session\Handlers\FileHandler' driver.
INFO - 2025-07-25 08:46:02 --> Session: Class initialized using 'CodeIgniter\Session\Handlers\FileHandler' driver.
INFO - 2025-07-25 08:46:24 --> Session: Class initialized using 'CodeIgniter\Session\Handlers\FileHandler' driver.
INFO - 2025-07-25 08:46:28 --> Session: Class initialized using 'CodeIgniter\Session\Handlers\FileHandler' driver.
INFO - 2025-07-25 08:47:02 --> Session: Class initialized using 'CodeIgniter\Session\Handlers\FileHandler' driver.
INFO - 2025-07-25 08:47:18 --> Session: Class initialized using 'CodeIgniter\Session\Handlers\FileHandler' driver.
INFO - 2025-07-25 08:47:23 --> Session: Class initialized using 'CodeIgniter\Session\Handlers\FileHandler' driver.
INFO - 2025-07-25 08:48:03 --> Session: Class initialized using 'CodeIgniter\Session\Handlers\FileHandler' driver.
INFO - 2025-07-25 08:50:14 --> Session: Class initialized using 'CodeIgniter\Session\Handlers\FileHandler' driver.
INFO - 2025-07-25 08:51:22 --> Session: Class initialized using 'CodeIgniter\Session\Handlers\FileHandler' driver.
CRITICAL - 2025-07-25 08:51:22 --> Error: Object of class DateTime could not be converted to string
[Method: POST, Route: gudang/importstock]
in APPPATH\Controllers\GudangController.php on line 1358.
 1 SYSTEMPATH\CodeIgniter.php(933): App\Controllers\GudangController->importStockTanpaLibrary()
 2 SYSTEMPATH\CodeIgniter.php(509): CodeIgniter\CodeIgniter->runController(Object(App\Controllers\GudangController))
 3 SYSTEMPATH\CodeIgniter.php(355): CodeIgniter\CodeIgniter->handleRequest(null, Object(Config\Cache), false)
 4 SYSTEMPATH\Boot.php(325): CodeIgniter\CodeIgniter->run()
 5 SYSTEMPATH\Boot.php(67): CodeIgniter\Boot::runCodeIgniter(Object(CodeIgniter\CodeIgniter))
 6 FCPATH\index.php(56): CodeIgniter\Boot::bootWeb(Object(Config\Paths))
 7 SYSTEMPATH\rewrite.php(44): require_once('C:\\xampp\\htdocs\\warehouse_socks\\public\\index.php')
INFO - 2025-07-25 08:51:36 --> Session: Class initialized using 'CodeIgniter\Session\Handlers\FileHandler' driver.
INFO - 2025-07-25 08:51:40 --> Session: Class initialized using 'CodeIgniter\Session\Handlers\FileHandler' driver.
INFO - 2025-07-25 08:52:17 --> Session: Class initialized using 'CodeIgniter\Session\Handlers\FileHandler' driver.
INFO - 2025-07-25 08:52:19 --> Session: Class initialized using 'CodeIgniter\Session\Handlers\FileHandler' driver.
INFO - 2025-07-25 08:52:23 --> Session: Class initialized using 'CodeIgniter\Session\Handlers\FileHandler' driver.
INFO - 2025-07-25 08:52:44 --> Session: Class initialized using 'CodeIgniter\Session\Handlers\FileHandler' driver.
INFO - 2025-07-25 08:53:04 --> Session: Class initialized using 'CodeIgniter\Session\Handlers\FileHandler' driver.
INFO - 2025-07-25 08:53:06 --> Session: Class initialized using 'CodeIgniter\Session\Handlers\FileHandler' driver.
INFO - 2025-07-25 08:53:25 --> Session: Class initialized using 'CodeIgniter\Session\Handlers\FileHandler' driver.
INFO - 2025-07-25 08:53:31 --> Session: Class initialized using 'CodeIgniter\Session\Handlers\FileHandler' driver.
INFO - 2025-07-25 08:53:39 --> Session: Class initialized using 'CodeIgniter\Session\Handlers\FileHandler' driver.
INFO - 2025-07-25 08:53:45 --> Session: Class initialized using 'CodeIgniter\Session\Handlers\FileHandler' driver.
INFO - 2025-07-25 08:53:46 --> Session: Class initialized using 'CodeIgniter\Session\Handlers\FileHandler' driver.
INFO - 2025-07-25 08:53:50 --> Session: Class initialized using 'CodeIgniter\Session\Handlers\FileHandler' driver.
INFO - 2025-07-25 08:53:54 --> Session: Class initialized using 'CodeIgniter\Session\Handlers\FileHandler' driver.
INFO - 2025-07-25 08:56:21 --> Session: Class initialized using 'CodeIgniter\Session\Handlers\FileHandler' driver.
INFO - 2025-07-25 09:00:32 --> Session: Class initialized using 'CodeIgniter\Session\Handlers\FileHandler' driver.
CRITICAL - 2025-07-25 09:00:32 --> ParseError: syntax error, unexpected token "{", expecting "]"
[Method: GET, Route: gudang/stock]
in APPPATH\Controllers\GudangController.php on line 1373.
 1 VENDORPATH\composer\ClassLoader.php(427): Composer\Autoload\{closure}('C:\\xampp\\htdocs\\warehouse_socks\\vendor\\composer/../../app/Controllers/GudangController.php')
 2 [internal function]: Composer\Autoload\ClassLoader->loadClass('App\\Controllers\\GudangController')
 3 SYSTEMPATH\CodeIgniter.php(887): class_exists('\\App\\Controllers\\GudangController', true)
 4 SYSTEMPATH\CodeIgniter.php(496): CodeIgniter\CodeIgniter->startController()
 5 SYSTEMPATH\CodeIgniter.php(355): CodeIgniter\CodeIgniter->handleRequest(null, Object(Config\Cache), false)
 6 SYSTEMPATH\Boot.php(325): CodeIgniter\CodeIgniter->run()
 7 SYSTEMPATH\Boot.php(67): CodeIgniter\Boot::runCodeIgniter(Object(CodeIgniter\CodeIgniter))
 8 FCPATH\index.php(56): CodeIgniter\Boot::bootWeb(Object(Config\Paths))
 9 SYSTEMPATH\rewrite.php(44): require_once('C:\\xampp\\htdocs\\warehouse_socks\\public\\index.php')
INFO - 2025-07-25 09:01:43 --> Session: Class initialized using 'CodeIgniter\Session\Handlers\FileHandler' driver.
INFO - 2025-07-25 09:02:00 --> Session: Class initialized using 'CodeIgniter\Session\Handlers\FileHandler' driver.
CRITICAL - 2025-07-25 09:02:01 --> ErrorException: Undefined array key "GP0583"
[Method: POST, Route: gudang/importstock]
in APPPATH\Controllers\GudangController.php on line 1373.
 1 APPPATH\Controllers\GudangController.php(1373): CodeIgniter\Debug\Exceptions->errorHandler(2, 'Undefined array key "GP0583"', 'C:\\xampp\\htdocs\\warehouse_socks\\app\\Controllers\\GudangController.php', 1373)
 2 [internal function]: App\Controllers\GudangController->App\Controllers\{closure}([...])
 3 APPPATH\Controllers\GudangController.php(1373): array_map(Object(Closure), [...])
 4 APPPATH\Controllers\GudangController.php(1283): App\Controllers\GudangController->preloadData([...])
 5 SYSTEMPATH\CodeIgniter.php(933): App\Controllers\GudangController->importStockTanpaLibrary()
 6 SYSTEMPATH\CodeIgniter.php(509): CodeIgniter\CodeIgniter->runController(Object(App\Controllers\GudangController))
 7 SYSTEMPATH\CodeIgniter.php(355): CodeIgniter\CodeIgniter->handleRequest(null, Object(Config\Cache), false)
 8 SYSTEMPATH\Boot.php(325): CodeIgniter\CodeIgniter->run()
 9 SYSTEMPATH\Boot.php(67): CodeIgniter\Boot::runCodeIgniter(Object(CodeIgniter\CodeIgniter))
10 FCPATH\index.php(56): CodeIgniter\Boot::bootWeb(Object(Config\Paths))
11 SYSTEMPATH\rewrite.php(44): require_once('C:\\xampp\\htdocs\\warehouse_socks\\public\\index.php')
INFO - 2025-07-25 09:03:41 --> Session: Class initialized using 'CodeIgniter\Session\Handlers\FileHandler' driver.
CRITICAL - 2025-07-25 09:03:41 --> BadMethodCallException: Call to undefined method App\Models\TabelAnakModel::whereInBatch
[Method: POST, Route: gudang/importstock]
in SYSTEMPATH\Model.php on line 932.
 1 APPPATH\Controllers\GudangController.php(1385): CodeIgniter\Model->__call('whereInBatch', [...])
 2 APPPATH\Controllers\GudangController.php(1283): App\Controllers\GudangController->preloadData([...])
 3 SYSTEMPATH\CodeIgniter.php(933): App\Controllers\GudangController->importStockTanpaLibrary()
 4 SYSTEMPATH\CodeIgniter.php(509): CodeIgniter\CodeIgniter->runController(Object(App\Controllers\GudangController))
 5 SYSTEMPATH\CodeIgniter.php(355): CodeIgniter\CodeIgniter->handleRequest(null, Object(Config\Cache), false)
 6 SYSTEMPATH\Boot.php(325): CodeIgniter\CodeIgniter->run()
 7 SYSTEMPATH\Boot.php(67): CodeIgniter\Boot::runCodeIgniter(Object(CodeIgniter\CodeIgniter))
 8 FCPATH\index.php(56): CodeIgniter\Boot::bootWeb(Object(Config\Paths))
 9 SYSTEMPATH\rewrite.php(44): require_once('C:\\xampp\\htdocs\\warehouse_socks\\public\\index.php')
INFO - 2025-07-25 09:04:54 --> Session: Class initialized using 'CodeIgniter\Session\Handlers\FileHandler' driver.
CRITICAL - 2025-07-25 09:04:54 --> Error: Call to undefined method App\Controllers\GudangController::assignExistingLane()
[Method: POST, Route: gudang/importstock]
in APPPATH\Controllers\GudangController.php on line 1314.
 1 SYSTEMPATH\CodeIgniter.php(933): App\Controllers\GudangController->importStockTanpaLibrary()
 2 SYSTEMPATH\CodeIgniter.php(509): CodeIgniter\CodeIgniter->runController(Object(App\Controllers\GudangController))
 3 SYSTEMPATH\CodeIgniter.php(355): CodeIgniter\CodeIgniter->handleRequest(null, Object(Config\Cache), false)
 4 SYSTEMPATH\Boot.php(325): CodeIgniter\CodeIgniter->run()
 5 SYSTEMPATH\Boot.php(67): CodeIgniter\Boot::runCodeIgniter(Object(CodeIgniter\CodeIgniter))
 6 FCPATH\index.php(56): CodeIgniter\Boot::bootWeb(Object(Config\Paths))
 7 SYSTEMPATH\rewrite.php(44): require_once('C:\\xampp\\htdocs\\warehouse_socks\\public\\index.php')
INFO - 2025-07-25 09:05:30 --> Session: Class initialized using 'CodeIgniter\Session\Handlers\FileHandler' driver.
CRITICAL - 2025-07-25 09:05:31 --> BadMethodCallException: Call to undefined method App\Models\PemasukanModel::insertCompact
[Method: POST, Route: gudang/importstock]
in SYSTEMPATH\Model.php on line 932.
 1 APPPATH\Controllers\GudangController.php(1321): CodeIgniter\Model->__call('insertCompact', [...])
 2 SYSTEMPATH\CodeIgniter.php(933): App\Controllers\GudangController->importStockTanpaLibrary()
 3 SYSTEMPATH\CodeIgniter.php(509): CodeIgniter\CodeIgniter->runController(Object(App\Controllers\GudangController))
 4 SYSTEMPATH\CodeIgniter.php(355): CodeIgniter\CodeIgniter->handleRequest(null, Object(Config\Cache), false)
 5 SYSTEMPATH\Boot.php(325): CodeIgniter\CodeIgniter->run()
 6 SYSTEMPATH\Boot.php(67): CodeIgniter\Boot::runCodeIgniter(Object(CodeIgniter\CodeIgniter))
 7 FCPATH\index.php(56): CodeIgniter\Boot::bootWeb(Object(Config\Paths))
 8 SYSTEMPATH\rewrite.php(44): require_once('C:\\xampp\\htdocs\\warehouse_socks\\public\\index.php')
INFO - 2025-07-25 09:06:06 --> Session: Class initialized using 'CodeIgniter\Session\Handlers\FileHandler' driver.
CRITICAL - 2025-07-25 09:06:07 --> Error: Class "App\Controllers\KMeansService" not found
[Method: POST, Route: gudang/importstock]
in APPPATH\Controllers\GudangController.php on line 1341.
 1 SYSTEMPATH\CodeIgniter.php(933): App\Controllers\GudangController->importStockTanpaLibrary()
 2 SYSTEMPATH\CodeIgniter.php(509): CodeIgniter\CodeIgniter->runController(Object(App\Controllers\GudangController))
 3 SYSTEMPATH\CodeIgniter.php(355): CodeIgniter\CodeIgniter->handleRequest(null, Object(Config\Cache), false)
 4 SYSTEMPATH\Boot.php(325): CodeIgniter\CodeIgniter->run()
 5 SYSTEMPATH\Boot.php(67): CodeIgniter\Boot::runCodeIgniter(Object(CodeIgniter\CodeIgniter))
 6 FCPATH\index.php(56): CodeIgniter\Boot::bootWeb(Object(Config\Paths))
 7 SYSTEMPATH\rewrite.php(44): require_once('C:\\xampp\\htdocs\\warehouse_socks\\public\\index.php')
INFO - 2025-07-25 09:06:51 --> Session: Class initialized using 'CodeIgniter\Session\Handlers\FileHandler' driver.
CRITICAL - 2025-07-25 09:06:52 --> Error: Class "App\Services\KMeansService" not found
[Method: POST, Route: gudang/importstock]
in APPPATH\Controllers\GudangController.php on line 1343.
 1 SYSTEMPATH\CodeIgniter.php(933): App\Controllers\GudangController->importStockTanpaLibrary()
 2 SYSTEMPATH\CodeIgniter.php(509): CodeIgniter\CodeIgniter->runController(Object(App\Controllers\GudangController))
 3 SYSTEMPATH\CodeIgniter.php(355): CodeIgniter\CodeIgniter->handleRequest(null, Object(Config\Cache), false)
 4 SYSTEMPATH\Boot.php(325): CodeIgniter\CodeIgniter->run()
 5 SYSTEMPATH\Boot.php(67): CodeIgniter\Boot::runCodeIgniter(Object(CodeIgniter\CodeIgniter))
 6 FCPATH\index.php(56): CodeIgniter\Boot::bootWeb(Object(Config\Paths))
 7 SYSTEMPATH\rewrite.php(44): require_once('C:\\xampp\\htdocs\\warehouse_socks\\public\\index.php')
INFO - 2025-07-25 09:08:18 --> Session: Class initialized using 'CodeIgniter\Session\Handlers\FileHandler' driver.
INFO - 2025-07-25 09:08:19 --> Session: Class initialized using 'CodeIgniter\Session\Handlers\FileHandler' driver.
INFO - 2025-07-25 09:08:58 --> Session: Class initialized using 'CodeIgniter\Session\Handlers\FileHandler' driver.
INFO - 2025-07-25 09:08:59 --> Session: Class initialized using 'CodeIgniter\Session\Handlers\FileHandler' driver.
INFO - 2025-07-25 09:10:21 --> Session: Class initialized using 'CodeIgniter\Session\Handlers\FileHandler' driver.
INFO - 2025-07-25 09:10:26 --> Session: Class initialized using 'CodeIgniter\Session\Handlers\FileHandler' driver.
INFO - 2025-07-25 09:10:32 --> Session: Class initialized using 'CodeIgniter\Session\Handlers\FileHandler' driver.
INFO - 2025-07-25 09:11:51 --> Session: Class initialized using 'CodeIgniter\Session\Handlers\FileHandler' driver.
INFO - 2025-07-25 09:11:54 --> Session: Class initialized using 'CodeIgniter\Session\Handlers\FileHandler' driver.
INFO - 2025-07-25 09:11:59 --> Session: Class initialized using 'CodeIgniter\Session\Handlers\FileHandler' driver.
INFO - 2025-07-25 09:13:49 --> Session: Class initialized using 'CodeIgniter\Session\Handlers\FileHandler' driver.
INFO - 2025-07-25 09:13:54 --> Session: Class initialized using 'CodeIgniter\Session\Handlers\FileHandler' driver.
INFO - 2025-07-25 09:13:58 --> Session: Class initialized using 'CodeIgniter\Session\Handlers\FileHandler' driver.
INFO - 2025-07-25 09:14:27 --> Session: Class initialized using 'CodeIgniter\Session\Handlers\FileHandler' driver.
INFO - 2025-07-25 09:15:05 --> Session: Class initialized using 'CodeIgniter\Session\Handlers\FileHandler' driver.
INFO - 2025-07-25 09:15:08 --> Session: Class initialized using 'CodeIgniter\Session\Handlers\FileHandler' driver.
INFO - 2025-07-25 09:15:14 --> Session: Class initialized using 'CodeIgniter\Session\Handlers\FileHandler' driver.
INFO - 2025-07-25 09:15:19 --> Session: Class initialized using 'CodeIgniter\Session\Handlers\FileHandler' driver.
INFO - 2025-07-25 09:15:24 --> Session: Class initialized using 'CodeIgniter\Session\Handlers\FileHandler' driver.
INFO - 2025-07-25 09:16:40 --> Session: Class initialized using 'CodeIgniter\Session\Handlers\FileHandler' driver.
INFO - 2025-07-25 09:16:42 --> Session: Class initialized using 'CodeIgniter\Session\Handlers\FileHandler' driver.
INFO - 2025-07-25 09:16:47 --> Session: Class initialized using 'CodeIgniter\Session\Handlers\FileHandler' driver.
INFO - 2025-07-25 09:16:52 --> Session: Class initialized using 'CodeIgniter\Session\Handlers\FileHandler' driver.
INFO - 2025-07-25 09:16:58 --> Session: Class initialized using 'CodeIgniter\Session\Handlers\FileHandler' driver.
INFO - 2025-07-25 09:20:36 --> Session: Class initialized using 'CodeIgniter\Session\Handlers\FileHandler' driver.
INFO - 2025-07-25 09:20:38 --> Session: Class initialized using 'CodeIgniter\Session\Handlers\FileHandler' driver.
INFO - 2025-07-25 09:20:38 --> Session: Class initialized using 'CodeIgniter\Session\Handlers\FileHandler' driver.
INFO - 2025-07-25 09:20:43 --> Session: Class initialized using 'CodeIgniter\Session\Handlers\FileHandler' driver.
INFO - 2025-07-25 09:21:04 --> Session: Class initialized using 'CodeIgniter\Session\Handlers\FileHandler' driver.
INFO - 2025-07-25 09:21:11 --> Session: Class initialized using 'CodeIgniter\Session\Handlers\FileHandler' driver.
INFO - 2025-07-25 09:22:19 --> Session: Class initialized using 'CodeIgniter\Session\Handlers\FileHandler' driver.
INFO - 2025-07-25 09:22:21 --> Session: Class initialized using 'CodeIgniter\Session\Handlers\FileHandler' driver.
INFO - 2025-07-25 09:24:38 --> Session: Class initialized using 'CodeIgniter\Session\Handlers\FileHandler' driver.
INFO - 2025-07-25 09:25:31 --> Session: Class initialized using 'CodeIgniter\Session\Handlers\FileHandler' driver.
INFO - 2025-07-25 09:29:23 --> Session: Class initialized using 'CodeIgniter\Session\Handlers\FileHandler' driver.
INFO - 2025-07-25 09:30:18 --> Session: Class initialized using 'CodeIgniter\Session\Handlers\FileHandler' driver.
INFO - 2025-07-25 09:33:00 --> Session: Class initialized using 'CodeIgniter\Session\Handlers\FileHandler' driver.
INFO - 2025-07-25 09:33:07 --> Session: Class initialized using 'CodeIgniter\Session\Handlers\FileHandler' driver.
CRITICAL - 2025-07-25 09:33:07 --> ErrorException: Undefined array key "no_model"
[Method: GET, Route: gudang/stock]
in APPPATH\Views\gudang\stock.php on line 86.
 1 APPPATH\Views\gudang\stock.php(86): CodeIgniter\Debug\Exceptions->errorHandler(2, 'Undefined array key "no_model"', 'C:\\xampp\\htdocs\\warehouse_socks\\app\\Views\\gudang\\stock.php', 86)
 2 SYSTEMPATH\View\View.php(234): include('C:\\xampp\\htdocs\\warehouse_socks\\app\\Views\\gudang\\stock.php')
 3 SYSTEMPATH\View\View.php(237): CodeIgniter\View\View->CodeIgniter\View\{closure}()
 4 SYSTEMPATH\Common.php(1171): CodeIgniter\View\View->render('gudang/stock', [], true)
 5 APPPATH\Controllers\GudangController.php(339): view('gudang/stock', [...])
 6 SYSTEMPATH\CodeIgniter.php(933): App\Controllers\GudangController->stock()
 7 SYSTEMPATH\CodeIgniter.php(509): CodeIgniter\CodeIgniter->runController(Object(App\Controllers\GudangController))
 8 SYSTEMPATH\CodeIgniter.php(355): CodeIgniter\CodeIgniter->handleRequest(null, Object(Config\Cache), false)
 9 SYSTEMPATH\Boot.php(325): CodeIgniter\CodeIgniter->run()
10 SYSTEMPATH\Boot.php(67): CodeIgniter\Boot::runCodeIgniter(Object(CodeIgniter\CodeIgniter))
11 FCPATH\index.php(56): CodeIgniter\Boot::bootWeb(Object(Config\Paths))
12 SYSTEMPATH\rewrite.php(44): require_once('C:\\xampp\\htdocs\\warehouse_socks\\public\\index.php')
INFO - 2025-07-25 09:33:20 --> Session: Class initialized using 'CodeIgniter\Session\Handlers\FileHandler' driver.
CRITICAL - 2025-07-25 09:33:20 --> ErrorException: Undefined array key "no_model"
[Method: GET, Route: gudang/stock]
in APPPATH\Views\gudang\stock.php on line 89.
 1 APPPATH\Views\gudang\stock.php(89): CodeIgniter\Debug\Exceptions->errorHandler(2, 'Undefined array key "no_model"', 'C:\\xampp\\htdocs\\warehouse_socks\\app\\Views\\gudang\\stock.php', 89)
 2 SYSTEMPATH\View\View.php(234): include('C:\\xampp\\htdocs\\warehouse_socks\\app\\Views\\gudang\\stock.php')
 3 SYSTEMPATH\View\View.php(237): CodeIgniter\View\View->CodeIgniter\View\{closure}()
 4 SYSTEMPATH\Common.php(1171): CodeIgniter\View\View->render('gudang/stock', [], true)
 5 APPPATH\Controllers\GudangController.php(339): view('gudang/stock', [...])
 6 SYSTEMPATH\CodeIgniter.php(933): App\Controllers\GudangController->stock()
 7 SYSTEMPATH\CodeIgniter.php(509): CodeIgniter\CodeIgniter->runController(Object(App\Controllers\GudangController))
 8 SYSTEMPATH\CodeIgniter.php(355): CodeIgniter\CodeIgniter->handleRequest(null, Object(Config\Cache), false)
 9 SYSTEMPATH\Boot.php(325): CodeIgniter\CodeIgniter->run()
10 SYSTEMPATH\Boot.php(67): CodeIgniter\Boot::runCodeIgniter(Object(CodeIgniter\CodeIgniter))
11 FCPATH\index.php(56): CodeIgniter\Boot::bootWeb(Object(Config\Paths))
12 SYSTEMPATH\rewrite.php(44): require_once('C:\\xampp\\htdocs\\warehouse_socks\\public\\index.php')
INFO - 2025-07-25 09:33:34 --> Session: Class initialized using 'CodeIgniter\Session\Handlers\FileHandler' driver.
INFO - 2025-07-25 09:33:54 --> Session: Class initialized using 'CodeIgniter\Session\Handlers\FileHandler' driver.
INFO - 2025-07-25 09:33:58 --> Session: Class initialized using 'CodeIgniter\Session\Handlers\FileHandler' driver.
INFO - 2025-07-25 09:35:29 --> Session: Class initialized using 'CodeIgniter\Session\Handlers\FileHandler' driver.
INFO - 2025-07-25 09:35:31 --> Session: Class initialized using 'CodeIgniter\Session\Handlers\FileHandler' driver.
INFO - 2025-07-25 09:35:53 --> Session: Class initialized using 'CodeIgniter\Session\Handlers\FileHandler' driver.
INFO - 2025-07-25 09:35:55 --> Session: Class initialized using 'CodeIgniter\Session\Handlers\FileHandler' driver.
INFO - 2025-07-25 09:36:32 --> Session: Class initialized using 'CodeIgniter\Session\Handlers\FileHandler' driver.
INFO - 2025-07-25 09:36:43 --> Session: Class initialized using 'CodeIgniter\Session\Handlers\FileHandler' driver.
INFO - 2025-07-25 09:36:45 --> Session: Class initialized using 'CodeIgniter\Session\Handlers\FileHandler' driver.
INFO - 2025-07-25 09:37:58 --> Session: Class initialized using 'CodeIgniter\Session\Handlers\FileHandler' driver.
INFO - 2025-07-25 09:38:02 --> Session: Class initialized using 'CodeIgniter\Session\Handlers\FileHandler' driver.
INFO - 2025-07-25 09:38:04 --> Session: Class initialized using 'CodeIgniter\Session\Handlers\FileHandler' driver.
INFO - 2025-07-25 09:38:38 --> Session: Class initialized using 'CodeIgniter\Session\Handlers\FileHandler' driver.
INFO - 2025-07-25 09:38:42 --> Session: Class initialized using 'CodeIgniter\Session\Handlers\FileHandler' driver.
INFO - 2025-07-25 09:38:44 --> Session: Class initialized using 'CodeIgniter\Session\Handlers\FileHandler' driver.
INFO - 2025-07-25 09:39:37 --> Session: Class initialized using 'CodeIgniter\Session\Handlers\FileHandler' driver.
INFO - 2025-07-25 09:39:39 --> Session: Class initialized using 'CodeIgniter\Session\Handlers\FileHandler' driver.
INFO - 2025-07-25 09:39:47 --> Session: Class initialized using 'CodeIgniter\Session\Handlers\FileHandler' driver.
CRITICAL - 2025-07-25 09:39:47 --> ErrorException: Undefined array key "no_model"
[Method: GET, Route: gudang/excelstockgudang]
in APPPATH\Controllers\ExcelController.php on line 98.
 1 APPPATH\Controllers\ExcelController.php(98): CodeIgniter\Debug\Exceptions->errorHandler(2, 'Undefined array key "no_model"', 'C:\\xampp\\htdocs\\warehouse_socks\\app\\Controllers\\ExcelController.php', 98)
 2 SYSTEMPATH\CodeIgniter.php(933): App\Controllers\ExcelController->excelStockGudang()
 3 SYSTEMPATH\CodeIgniter.php(509): CodeIgniter\CodeIgniter->runController(Object(App\Controllers\ExcelController))
 4 SYSTEMPATH\CodeIgniter.php(355): CodeIgniter\CodeIgniter->handleRequest(null, Object(Config\Cache), false)
 5 SYSTEMPATH\Boot.php(325): CodeIgniter\CodeIgniter->run()
 6 SYSTEMPATH\Boot.php(67): CodeIgniter\Boot::runCodeIgniter(Object(CodeIgniter\CodeIgniter))
 7 FCPATH\index.php(56): CodeIgniter\Boot::bootWeb(Object(Config\Paths))
 8 SYSTEMPATH\rewrite.php(44): require_once('C:\\xampp\\htdocs\\warehouse_socks\\public\\index.php')
INFO - 2025-07-25 09:40:05 --> Session: Class initialized using 'CodeIgniter\Session\Handlers\FileHandler' driver.
INFO - 2025-07-25 09:40:47 --> Session: Class initialized using 'CodeIgniter\Session\Handlers\FileHandler' driver.
INFO - 2025-07-25 09:40:52 --> Session: Class initialized using 'CodeIgniter\Session\Handlers\FileHandler' driver.
INFO - 2025-07-25 09:41:15 --> Session: Class initialized using 'CodeIgniter\Session\Handlers\FileHandler' driver.
INFO - 2025-07-25 09:41:51 --> Session: Class initialized using 'CodeIgniter\Session\Handlers\FileHandler' driver.
INFO - 2025-07-25 09:42:25 --> Session: Class initialized using 'CodeIgniter\Session\Handlers\FileHandler' driver.
INFO - 2025-07-25 09:42:38 --> Session: Class initialized using 'CodeIgniter\Session\Handlers\FileHandler' driver.
INFO - 2025-07-25 09:46:02 --> Session: Class initialized using 'CodeIgniter\Session\Handlers\FileHandler' driver.
INFO - 2025-07-25 09:46:29 --> Session: Class initialized using 'CodeIgniter\Session\Handlers\FileHandler' driver.
INFO - 2025-07-25 09:48:42 --> Session: Class initialized using 'CodeIgniter\Session\Handlers\FileHandler' driver.
ERROR - 2025-07-25 09:48:42 --> mysqli_sql_exception: Not unique table/alias: 'stock' in C:\xampp\htdocs\warehouse_socks\vendor\codeigniter4\framework\system\Database\MySQLi\Connection.php:312
Stack trace:
#0 C:\xampp\htdocs\warehouse_socks\vendor\codeigniter4\framework\system\Database\MySQLi\Connection.php(312): mysqli->query('SELECT `layout`...', 0)
#1 C:\xampp\htdocs\warehouse_socks\vendor\codeigniter4\framework\system\Database\BaseConnection.php(734): CodeIgniter\Database\MySQLi\Connection->execute('SELECT `layout`...')
#2 C:\xampp\htdocs\warehouse_socks\vendor\codeigniter4\framework\system\Database\BaseConnection.php(648): CodeIgniter\Database\BaseConnection->simpleQuery('SELECT `layout`...')
#3 C:\xampp\htdocs\warehouse_socks\vendor\codeigniter4\framework\system\Database\BaseBuilder.php(1644): CodeIgniter\Database\BaseConnection->query('SELECT `layout`...', Array, false)
#4 C:\xampp\htdocs\warehouse_socks\vendor\codeigniter4\framework\system\Model.php(286): CodeIgniter\Database\BaseBuilder->get()
#5 C:\xampp\htdocs\warehouse_socks\vendor\codeigniter4\framework\system\BaseModel.php(676): CodeIgniter\Model->doFindAll(0, 0)
#6 C:\xampp\htdocs\warehouse_socks\app\Models\StockModel.php(74): CodeIgniter\BaseModel->findAll()
#7 C:\xampp\htdocs\warehouse_socks\app\Controllers\GudangController.php(453): App\Models\StockModel->getDataStock('A.1.01')
#8 C:\xampp\htdocs\warehouse_socks\vendor\codeigniter4\framework\system\CodeIgniter.php(933): App\Controllers\GudangController->detailStock('A.1.01')
#9 C:\xampp\htdocs\warehouse_socks\vendor\codeigniter4\framework\system\CodeIgniter.php(509): CodeIgniter\CodeIgniter->runController(Object(App\Controllers\GudangController))
#10 C:\xampp\htdocs\warehouse_socks\vendor\codeigniter4\framework\system\CodeIgniter.php(355): CodeIgniter\CodeIgniter->handleRequest(NULL, Object(Config\Cache), false)
#11 C:\xampp\htdocs\warehouse_socks\vendor\codeigniter4\framework\system\Boot.php(325): CodeIgniter\CodeIgniter->run()
#12 C:\xampp\htdocs\warehouse_socks\vendor\codeigniter4\framework\system\Boot.php(67): CodeIgniter\Boot::runCodeIgniter(Object(CodeIgniter\CodeIgniter))
#13 C:\xampp\htdocs\warehouse_socks\public\index.php(56): CodeIgniter\Boot::bootWeb(Object(Config\Paths))
#14 C:\xampp\htdocs\warehouse_socks\vendor\codeigniter4\framework\system\rewrite.php(44): require_once('C:\\xampp\\htdocs...')
#15 {main}
CRITICAL - 2025-07-25 09:48:42 --> CodeIgniter\Database\Exceptions\DatabaseException: Not unique table/alias: 'stock'
[Method: GET, Route: gudang/detailstock/A.1.01]
in SYSTEMPATH\Database\BaseConnection.php on line 688.
 1 SYSTEMPATH\Database\BaseBuilder.php(1644): CodeIgniter\Database\BaseConnection->query('SELECT `layout`.`jalur`, `tabel_induk`.`no_model`, `tabel_anak`.`area`, `tabel_anak`.`inisial`, `tabel_anak`.`style`, `tabel_anak`.`warna`, SUM(COALESCE(stock.qty_stock, 0))   AS qty_stock, SUM(COALESCE(stock.box_stock, 0))  AS box_stock
FROM (`stock`, `stock`)
LEFT JOIN `layout` ON `layout`.`jalur`        = `stock`.`jalur`
LEFT JOIN `tabel_anak` ON `tabel_anak`.`id_anak`   = `stock`.`id_anak`
LEFT JOIN `tabel_induk` ON `tabel_induk`.`id_induk` = `tabel_anak`.`id_induk`
WHERE `layout`.`jalur` = :layout.jalur:
GROUP BY `layout`.`jalur`, `tabel_induk`.`no_model`, `tabel_anak`.`area`, `tabel_anak`.`inisial`, `tabel_anak`.`style`, `tabel_anak`.`warna`
ORDER BY `tabel_induk`.`no_model` ASC, `tabel_anak`.`inisial` ASC', [...], false)
 2 SYSTEMPATH\Model.php(286): CodeIgniter\Database\BaseBuilder->get()
 3 SYSTEMPATH\BaseModel.php(676): CodeIgniter\Model->doFindAll(0, 0)
 4 APPPATH\Models\StockModel.php(74): CodeIgniter\BaseModel->findAll()
 5 APPPATH\Controllers\GudangController.php(453): App\Models\StockModel->getDataStock('A.1.01')
 6 SYSTEMPATH\CodeIgniter.php(933): App\Controllers\GudangController->detailStock('A.1.01')
 7 SYSTEMPATH\CodeIgniter.php(509): CodeIgniter\CodeIgniter->runController(Object(App\Controllers\GudangController))
 8 SYSTEMPATH\CodeIgniter.php(355): CodeIgniter\CodeIgniter->handleRequest(null, Object(Config\Cache), false)
 9 SYSTEMPATH\Boot.php(325): CodeIgniter\CodeIgniter->run()
10 SYSTEMPATH\Boot.php(67): CodeIgniter\Boot::runCodeIgniter(Object(CodeIgniter\CodeIgniter))
11 FCPATH\index.php(56): CodeIgniter\Boot::bootWeb(Object(Config\Paths))
12 SYSTEMPATH\rewrite.php(44): require_once('C:\\xampp\\htdocs\\warehouse_socks\\public\\index.php')
CRITICAL - 2025-07-25 09:48:42 --> [Caused by] CodeIgniter\Database\Exceptions\DatabaseException: Not unique table/alias: 'stock'
in SYSTEMPATH\Database\MySQLi\Connection.php on line 317.
 1 SYSTEMPATH\Database\BaseConnection.php(734): CodeIgniter\Database\MySQLi\Connection->execute('SELECT `layout`.`jalur`, `tabel_induk`.`no_model`, `tabel_anak`.`area`, `tabel_anak`.`inisial`, `tabel_anak`.`style`, `tabel_anak`.`warna`, SUM(COALESCE(stock.qty_stock, 0))   AS qty_stock, SUM(COALESCE(stock.box_stock, 0))  AS box_stock
FROM (`stock`, `stock`)
LEFT JOIN `layout` ON `layout`.`jalur`        = `stock`.`jalur`
LEFT JOIN `tabel_anak` ON `tabel_anak`.`id_anak`   = `stock`.`id_anak`
LEFT JOIN `tabel_induk` ON `tabel_induk`.`id_induk` = `tabel_anak`.`id_induk`
WHERE `layout`.`jalur` = \'A.1.01\'
GROUP BY `layout`.`jalur`, `tabel_induk`.`no_model`, `tabel_anak`.`area`, `tabel_anak`.`inisial`, `tabel_anak`.`style`, `tabel_anak`.`warna`
ORDER BY `tabel_induk`.`no_model` ASC, `tabel_anak`.`inisial` ASC')
 2 SYSTEMPATH\Database\BaseConnection.php(648): CodeIgniter\Database\BaseConnection->simpleQuery('SELECT `layout`.`jalur`, `tabel_induk`.`no_model`, `tabel_anak`.`area`, `tabel_anak`.`inisial`, `tabel_anak`.`style`, `tabel_anak`.`warna`, SUM(COALESCE(stock.qty_stock, 0))   AS qty_stock, SUM(COALESCE(stock.box_stock, 0))  AS box_stock
FROM (`stock`, `stock`)
LEFT JOIN `layout` ON `layout`.`jalur`        = `stock`.`jalur`
LEFT JOIN `tabel_anak` ON `tabel_anak`.`id_anak`   = `stock`.`id_anak`
LEFT JOIN `tabel_induk` ON `tabel_induk`.`id_induk` = `tabel_anak`.`id_induk`
WHERE `layout`.`jalur` = \'A.1.01\'
GROUP BY `layout`.`jalur`, `tabel_induk`.`no_model`, `tabel_anak`.`area`, `tabel_anak`.`inisial`, `tabel_anak`.`style`, `tabel_anak`.`warna`
ORDER BY `tabel_induk`.`no_model` ASC, `tabel_anak`.`inisial` ASC')
 3 SYSTEMPATH\Database\BaseBuilder.php(1644): CodeIgniter\Database\BaseConnection->query('SELECT `layout`.`jalur`, `tabel_induk`.`no_model`, `tabel_anak`.`area`, `tabel_anak`.`inisial`, `tabel_anak`.`style`, `tabel_anak`.`warna`, SUM(COALESCE(stock.qty_stock, 0))   AS qty_stock, SUM(COALESCE(stock.box_stock, 0))  AS box_stock
FROM (`stock`, `stock`)
LEFT JOIN `layout` ON `layout`.`jalur`        = `stock`.`jalur`
LEFT JOIN `tabel_anak` ON `tabel_anak`.`id_anak`   = `stock`.`id_anak`
LEFT JOIN `tabel_induk` ON `tabel_induk`.`id_induk` = `tabel_anak`.`id_induk`
WHERE `layout`.`jalur` = :layout.jalur:
GROUP BY `layout`.`jalur`, `tabel_induk`.`no_model`, `tabel_anak`.`area`, `tabel_anak`.`inisial`, `tabel_anak`.`style`, `tabel_anak`.`warna`
ORDER BY `tabel_induk`.`no_model` ASC, `tabel_anak`.`inisial` ASC', [...], false)
 4 SYSTEMPATH\Model.php(286): CodeIgniter\Database\BaseBuilder->get()
 5 SYSTEMPATH\BaseModel.php(676): CodeIgniter\Model->doFindAll(0, 0)
 6 APPPATH\Models\StockModel.php(74): CodeIgniter\BaseModel->findAll()
 7 APPPATH\Controllers\GudangController.php(453): App\Models\StockModel->getDataStock('A.1.01')
 8 SYSTEMPATH\CodeIgniter.php(933): App\Controllers\GudangController->detailStock('A.1.01')
 9 SYSTEMPATH\CodeIgniter.php(509): CodeIgniter\CodeIgniter->runController(Object(App\Controllers\GudangController))
10 SYSTEMPATH\CodeIgniter.php(355): CodeIgniter\CodeIgniter->handleRequest(null, Object(Config\Cache), false)
11 SYSTEMPATH\Boot.php(325): CodeIgniter\CodeIgniter->run()
12 SYSTEMPATH\Boot.php(67): CodeIgniter\Boot::runCodeIgniter(Object(CodeIgniter\CodeIgniter))
13 FCPATH\index.php(56): CodeIgniter\Boot::bootWeb(Object(Config\Paths))
14 SYSTEMPATH\rewrite.php(44): require_once('C:\\xampp\\htdocs\\warehouse_socks\\public\\index.php')
CRITICAL - 2025-07-25 09:48:42 --> [Caused by] mysqli_sql_exception: Not unique table/alias: 'stock'
in SYSTEMPATH\Database\MySQLi\Connection.php on line 312.
 1 SYSTEMPATH\Database\MySQLi\Connection.php(312): mysqli->query('SELECT `layout`.`jalur`, `tabel_induk`.`no_model`, `tabel_anak`.`area`, `tabel_anak`.`inisial`, `tabel_anak`.`style`, `tabel_anak`.`warna`, SUM(COALESCE(stock.qty_stock, 0))   AS qty_stock, SUM(COALESCE(stock.box_stock, 0))  AS box_stock
FROM (`stock`, `stock`)
LEFT JOIN `layout` ON `layout`.`jalur`        = `stock`.`jalur`
LEFT JOIN `tabel_anak` ON `tabel_anak`.`id_anak`   = `stock`.`id_anak`
LEFT JOIN `tabel_induk` ON `tabel_induk`.`id_induk` = `tabel_anak`.`id_induk`
WHERE `layout`.`jalur` = \'A.1.01\'
GROUP BY `layout`.`jalur`, `tabel_induk`.`no_model`, `tabel_anak`.`area`, `tabel_anak`.`inisial`, `tabel_anak`.`style`, `tabel_anak`.`warna`
ORDER BY `tabel_induk`.`no_model` ASC, `tabel_anak`.`inisial` ASC', 0)
 2 SYSTEMPATH\Database\BaseConnection.php(734): CodeIgniter\Database\MySQLi\Connection->execute('SELECT `layout`.`jalur`, `tabel_induk`.`no_model`, `tabel_anak`.`area`, `tabel_anak`.`inisial`, `tabel_anak`.`style`, `tabel_anak`.`warna`, SUM(COALESCE(stock.qty_stock, 0))   AS qty_stock, SUM(COALESCE(stock.box_stock, 0))  AS box_stock
FROM (`stock`, `stock`)
LEFT JOIN `layout` ON `layout`.`jalur`        = `stock`.`jalur`
LEFT JOIN `tabel_anak` ON `tabel_anak`.`id_anak`   = `stock`.`id_anak`
LEFT JOIN `tabel_induk` ON `tabel_induk`.`id_induk` = `tabel_anak`.`id_induk`
WHERE `layout`.`jalur` = \'A.1.01\'
GROUP BY `layout`.`jalur`, `tabel_induk`.`no_model`, `tabel_anak`.`area`, `tabel_anak`.`inisial`, `tabel_anak`.`style`, `tabel_anak`.`warna`
ORDER BY `tabel_induk`.`no_model` ASC, `tabel_anak`.`inisial` ASC')
 3 SYSTEMPATH\Database\BaseConnection.php(648): CodeIgniter\Database\BaseConnection->simpleQuery('SELECT `layout`.`jalur`, `tabel_induk`.`no_model`, `tabel_anak`.`area`, `tabel_anak`.`inisial`, `tabel_anak`.`style`, `tabel_anak`.`warna`, SUM(COALESCE(stock.qty_stock, 0))   AS qty_stock, SUM(COALESCE(stock.box_stock, 0))  AS box_stock
FROM (`stock`, `stock`)
LEFT JOIN `layout` ON `layout`.`jalur`        = `stock`.`jalur`
LEFT JOIN `tabel_anak` ON `tabel_anak`.`id_anak`   = `stock`.`id_anak`
LEFT JOIN `tabel_induk` ON `tabel_induk`.`id_induk` = `tabel_anak`.`id_induk`
WHERE `layout`.`jalur` = \'A.1.01\'
GROUP BY `layout`.`jalur`, `tabel_induk`.`no_model`, `tabel_anak`.`area`, `tabel_anak`.`inisial`, `tabel_anak`.`style`, `tabel_anak`.`warna`
ORDER BY `tabel_induk`.`no_model` ASC, `tabel_anak`.`inisial` ASC')
 4 SYSTEMPATH\Database\BaseBuilder.php(1644): CodeIgniter\Database\BaseConnection->query('SELECT `layout`.`jalur`, `tabel_induk`.`no_model`, `tabel_anak`.`area`, `tabel_anak`.`inisial`, `tabel_anak`.`style`, `tabel_anak`.`warna`, SUM(COALESCE(stock.qty_stock, 0))   AS qty_stock, SUM(COALESCE(stock.box_stock, 0))  AS box_stock
FROM (`stock`, `stock`)
LEFT JOIN `layout` ON `layout`.`jalur`        = `stock`.`jalur`
LEFT JOIN `tabel_anak` ON `tabel_anak`.`id_anak`   = `stock`.`id_anak`
LEFT JOIN `tabel_induk` ON `tabel_induk`.`id_induk` = `tabel_anak`.`id_induk`
WHERE `layout`.`jalur` = :layout.jalur:
GROUP BY `layout`.`jalur`, `tabel_induk`.`no_model`, `tabel_anak`.`area`, `tabel_anak`.`inisial`, `tabel_anak`.`style`, `tabel_anak`.`warna`
ORDER BY `tabel_induk`.`no_model` ASC, `tabel_anak`.`inisial` ASC', [...], false)
 5 SYSTEMPATH\Model.php(286): CodeIgniter\Database\BaseBuilder->get()
 6 SYSTEMPATH\BaseModel.php(676): CodeIgniter\Model->doFindAll(0, 0)
 7 APPPATH\Models\StockModel.php(74): CodeIgniter\BaseModel->findAll()
 8 APPPATH\Controllers\GudangController.php(453): App\Models\StockModel->getDataStock('A.1.01')
 9 SYSTEMPATH\CodeIgniter.php(933): App\Controllers\GudangController->detailStock('A.1.01')
10 SYSTEMPATH\CodeIgniter.php(509): CodeIgniter\CodeIgniter->runController(Object(App\Controllers\GudangController))
11 SYSTEMPATH\CodeIgniter.php(355): CodeIgniter\CodeIgniter->handleRequest(null, Object(Config\Cache), false)
12 SYSTEMPATH\Boot.php(325): CodeIgniter\CodeIgniter->run()
13 SYSTEMPATH\Boot.php(67): CodeIgniter\Boot::runCodeIgniter(Object(CodeIgniter\CodeIgniter))
14 FCPATH\index.php(56): CodeIgniter\Boot::bootWeb(Object(Config\Paths))
15 SYSTEMPATH\rewrite.php(44): require_once('C:\\xampp\\htdocs\\warehouse_socks\\public\\index.php')
INFO - 2025-07-25 09:50:12 --> Session: Class initialized using 'CodeIgniter\Session\Handlers\FileHandler' driver.
INFO - 2025-07-25 09:50:26 --> Session: Class initialized using 'CodeIgniter\Session\Handlers\FileHandler' driver.
INFO - 2025-07-25 09:50:51 --> Session: Class initialized using 'CodeIgniter\Session\Handlers\FileHandler' driver.
INFO - 2025-07-25 09:50:55 --> Session: Class initialized using 'CodeIgniter\Session\Handlers\FileHandler' driver.
